<?xml version="1.0" encoding="UTF-8"?>
<testsuite xmlns:xsi="http://www.w3.org/2001/XMLSchema-instance" xsi:schemaLocation="https://maven.apache.org/surefire/maven-surefire-plugin/xsd/surefire-test-report.xsd" name="MULE_EE.4.9.3.test_suite_my_process_api_main_1746204" time="1.314" failures="0" errors="0" skipped="0" tests="2">
  <properties>
[...]
</properties>
  <testcase time="0.211" name="test_suite_my_process_api_main_0" classname="MULE_EE.4.9.3.test_suite_my_process_api_main_1746204"/>
  <testcase time="1.099" name="test_suite_my_process_api_main_1" classname="MULE_EE.4.9.3.test_suite_my_process_api_main_1746204"/>
</testsuite>